[2026-05-02 10:24:03.527658][INFO][PID:10409] Config: workers = 5
[2026-05-02 10:24:03.533167][INFO][PID:10409] Config: timeout = 10s
[2026-05-02 10:24:03.537284][INFO][PID:10409] Config: refresh_rate = 2s
[2026-05-02 10:24:03.542731][INFO][PID:10409] Config: log_level = 2
[2026-05-02 10:24:03.548128][INFO][PID:10409] === RT-THM SYSTEM STARTED ===
[2026-05-02 10:24:03.552308][INFO][PID:10409] Config: workers=5, timeout=10s, refresh=2s, log_level=2
[2026-05-02 10:24:03.558556][DEBUG][PID:10409] Shared memory segment created (ID: 19)
[2026-05-02 10:24:03.563542][DEBUG][PID:10409] Shared memory attached at 0x7b5dc76fc000
[2026-05-02 10:24:03.567741][DEBUG][PID:10409] Shared memory initialized
[2026-05-02 10:24:03.572170][INFO][PID:10409] Semaphore created (ID: 18)
[2026-05-02 10:24:03.576597][INFO][PID:10410] Worker 0 started (PID: 10410)
[2026-05-02 10:24:03.576612][INFO][PID:10409] Launched worker 0 (PID: 10410)
[2026-05-02 10:24:03.582530][INFO][PID:10409] Launched worker 1 (PID: 10411)
[2026-05-02 10:24:03.582699][INFO][PID:10411] Worker 1 started (PID: 10411)
[2026-05-02 10:24:03.588466][INFO][PID:10409] Launched worker 2 (PID: 10412)
[2026-05-02 10:24:03.588557][INFO][PID:10412] Worker 2 started (PID: 10412)
[2026-05-02 10:24:03.596297][INFO][PID:10413] Worker 3 started (PID: 10413)
[2026-05-02 10:24:03.596022][INFO][PID:10409] Launched worker 3 (PID: 10413)
[2026-05-02 10:24:03.601983][INFO][PID:10409] Launched worker 4 (PID: 10414)
[2026-05-02 10:24:03.602121][INFO][PID:10414] Worker 4 started (PID: 10414)
[2026-05-02 10:24:04.606953][ERROR][PID:10413] Worker 3: Critical error! Crashing...
[2026-05-02 10:24:04.679670][WARN][PID:10409] Worker 3 exited with code 1
[2026-05-02 10:24:04.685664][INFO][PID:10415] Worker 3 started (PID: 10415)
[2026-05-02 10:24:04.685516][INFO][PID:10409] Worker 3 restarted (new PID: 10415)
[2026-05-02 10:24:06.373538][INFO][PID:10409] User requested manual restart of all workers
[2026-05-02 10:24:06.378414][INFO][PID:10411] === SYSTEM SHUTDOWN INITIATED ===
[2026-05-02 10:24:06.378423][INFO][PID:10412] === SYSTEM SHUTDOWN INITIATED ===
[2026-05-02 10:24:06.378415][INFO][PID:10410] === SYSTEM SHUTDOWN INITIATED ===
[2026-05-02 10:24:06.378543][INFO][PID:10414] === SYSTEM SHUTDOWN INITIATED ===
[2026-05-02 10:24:06.378528][INFO][PID:10415] === SYSTEM SHUTDOWN INITIATED ===
[2026-05-02 10:24:06.384865][INFO][PID:10412] Sent SIGTERM to worker 0 (PID: 10410)
[2026-05-02 10:24:06.387721][INFO][PID:10412] Sent SIGTERM to worker 1 (PID: 10411)
[2026-05-02 10:24:06.394165][INFO][PID:10415] Sent SIGTERM to worker 0 (PID: 10410)
[2026-05-02 10:24:06.397649][INFO][PID:10414] Sent SIGTERM to worker 0 (PID: 10410)
[2026-05-02 10:24:06.397635][INFO][PID:10415] Sent SIGTERM to worker 1 (PID: 10411)
[2026-05-02 10:24:06.404904][INFO][PID:10415] Sent SIGTERM to worker 2 (PID: 10412)
[2026-05-02 10:24:06.407758][INFO][PID:10414] Sent SIGTERM to worker 1 (PID: 10411)
[2026-05-02 10:24:06.415649][INFO][PID:10414] Sent SIGTERM to worker 2 (PID: 10412)
[2026-05-02 10:24:06.421608][INFO][PID:10414] Sent SIGTERM to worker 3 (PID: 10415)
[2026-05-02 10:24:06.531274][WARN][PID:10409] Worker 0 killed by signal 15
[2026-05-02 10:24:06.538174][INFO][PID:10416] Worker 0 started (PID: 10416)
[2026-05-02 10:24:06.538014][INFO][PID:10409] Worker 0 restarted (new PID: 10416)
[2026-05-02 10:24:06.544819][WARN][PID:10409] Worker 1 killed by signal 15
[2026-05-02 10:24:06.551446][INFO][PID:10409] Worker 1 restarted (new PID: 10417)
[2026-05-02 10:24:06.551580][INFO][PID:10417] Worker 1 started (PID: 10417)
[2026-05-02 10:24:06.561180][WARN][PID:10409] Worker 2 killed by signal 15
[2026-05-02 10:24:06.566367][INFO][PID:10418] Worker 2 started (PID: 10418)
[2026-05-02 10:24:06.566334][INFO][PID:10409] Worker 2 restarted (new PID: 10418)
[2026-05-02 10:24:06.572469][WARN][PID:10409] Worker 3 killed by signal 15
[2026-05-02 10:24:06.579774][INFO][PID:10419] Worker 3 started (PID: 10419)
[2026-05-02 10:24:06.579616][INFO][PID:10409] Worker 3 restarted (new PID: 10419)
[2026-05-02 10:24:06.589179][WARN][PID:10409] Worker 4 killed by signal 15
[2026-05-02 10:24:06.596363][INFO][PID:10420] Worker 4 started (PID: 10420)
[2026-05-02 10:24:06.596332][INFO][PID:10409] Worker 4 restarted (new PID: 10420)
[2026-05-02 10:24:15.607298][ERROR][PID:10420] Worker 4: Critical error! Crashing...
[2026-05-02 10:24:15.678363][WARN][PID:10409] Worker 4 exited with code 1
[2026-05-02 10:24:15.682609][INFO][PID:10409] Worker 4 restarted (new PID: 10421)
[2026-05-02 10:24:15.682753][INFO][PID:10421] Worker 4 started (PID: 10421)
[2026-05-02 10:24:21.628820][INFO][PID:10419] === SYSTEM SHUTDOWN INITIATED ===
[2026-05-02 10:24:21.628821][INFO][PID:10418] === SYSTEM SHUTDOWN INITIATED ===
[2026-05-02 10:24:21.628816][INFO][PID:10421] === SYSTEM SHUTDOWN INITIATED ===
[2026-05-02 10:24:21.628825][INFO][PID:10417] === SYSTEM SHUTDOWN INITIATED ===
[2026-05-02 10:24:21.628812][INFO][PID:10409] === SYSTEM SHUTDOWN INITIATED ===
[2026-05-02 10:24:21.628851][INFO][PID:10416] === SYSTEM SHUTDOWN INITIATED ===
[2026-05-02 10:24:21.636102][INFO][PID:10419] Sent SIGTERM to worker 0 (PID: 10416)
[2026-05-02 10:24:21.639080][INFO][PID:10418] Sent SIGTERM to worker 0 (PID: 10416)
[2026-05-02 10:24:21.639217][INFO][PID:10419] Sent SIGTERM to worker 1 (PID: 10417)
[2026-05-02 10:24:21.644443][INFO][PID:10417] Sent SIGTERM to worker 0 (PID: 10416)
[2026-05-02 10:24:21.647753][INFO][PID:10409] Sent SIGTERM to worker 0 (PID: 10416)
[2026-05-02 10:24:21.653828][INFO][PID:10418] Sent SIGTERM to worker 1 (PID: 10417)
[2026-05-02 10:24:21.641761][INFO][PID:10421] Sent SIGTERM to worker 0 (PID: 10416)
[2026-05-02 10:24:21.657276][INFO][PID:10419] Sent SIGTERM to worker 2 (PID: 10418)
[2026-05-02 10:24:21.660478][INFO][PID:10409] Sent SIGTERM to worker 1 (PID: 10417)
[2026-05-02 10:24:21.666957][INFO][PID:10419] Sent SIGTERM to worker 3 (PID: 10419)
[2026-05-02 10:24:21.663711][INFO][PID:10421] Sent SIGTERM to worker 1 (PID: 10417)
[2026-05-02 10:24:21.669829][INFO][PID:10409] Sent SIGTERM to worker 2 (PID: 10418)
[2026-05-02 10:24:21.673122][INFO][PID:10419] Sent SIGTERM to worker 4 (PID: 10421)
[2026-05-02 10:24:21.676163][INFO][PID:10421] Sent SIGTERM to worker 2 (PID: 10418)
[2026-05-02 10:24:21.679895][INFO][PID:10409] Sent SIGTERM to worker 3 (PID: 10419)
[2026-05-02 10:24:21.685377][INFO][PID:10421] Sent SIGTERM to worker 3 (PID: 10419)
[2026-05-02 10:24:21.688114][INFO][PID:10409] Sent SIGTERM to worker 4 (PID: 10421)
[2026-05-02 10:24:21.794106][DEBUG][PID:10409] Detached shared memory
[2026-05-02 10:24:21.799031][DEBUG][PID:10409] Removed shared memory segment
[2026-05-02 10:24:21.803869][DEBUG][PID:10409] Removed semaphore
[2026-05-02 10:24:21.810668][INFO][PID:10409] === SYSTEM SHUTDOWN COMPLETE ===

